d:\direct_in\game\engine\x64\debug\engine.pch
d:\direct_in\game\output\engine.pdb
d:\direct_in\game\output\engine.idb
d:\direct_in\game\engine\x64\debug\pch.obj
d:\direct_in\game\engine\x64\debug\swapchain.obj
d:\direct_in\game\engine\x64\debug\simplemath.obj
d:\direct_in\game\engine\x64\debug\shader.obj
d:\direct_in\game\engine\x64\debug\scenemanager.obj
d:\direct_in\game\engine\x64\debug\scene.obj
d:\direct_in\game\engine\x64\debug\rootsignature.obj
d:\direct_in\game\engine\x64\debug\monobehaviour.obj
d:\direct_in\game\engine\x64\debug\meshrenderer.obj
d:\direct_in\game\engine\x64\debug\mesh.obj
d:\direct_in\game\engine\x64\debug\material.obj
d:\direct_in\game\engine\x64\debug\input.obj
d:\direct_in\game\engine\x64\debug\gameobject.obj
d:\direct_in\game\engine\x64\debug\enginepch.obj
d:\direct_in\game\engine\x64\debug\engine.obj
d:\direct_in\game\engine\x64\debug\device.obj
d:\direct_in\game\engine\x64\debug\depthstencilbuffer.obj
d:\direct_in\game\engine\x64\debug\constantbuffer.obj
d:\direct_in\game\engine\x64\debug\component.obj
d:\direct_in\game\engine\x64\debug\commandqueue.obj
d:\direct_in\game\engine\x64\debug\camera.obj
d:\direct_in\game\engine\x64\debug\transform.obj
d:\direct_in\game\engine\x64\debug\timer.obj
d:\direct_in\game\engine\x64\debug\texture.obj
d:\direct_in\game\engine\x64\debug\testcamerascript.obj
d:\direct_in\game\engine\x64\debug\tabledescriptorheap.obj
d:\direct_in\game\output\engine.lib
d:\direct_in\game\engine\x64\debug\engine.tlog\cl.command.1.tlog
d:\direct_in\game\engine\x64\debug\engine.tlog\cl.read.1.tlog
d:\direct_in\game\engine\x64\debug\engine.tlog\cl.write.1.tlog
d:\direct_in\game\engine\x64\debug\engine.tlog\lib-link.read.1.tlog
d:\direct_in\game\engine\x64\debug\engine.tlog\lib-link.write.1.tlog
d:\direct_in\game\engine\x64\debug\engine.tlog\lib.command.1.tlog
